  # Gaussian Accelerated Molecular Dynamics log file
  # All energy terms stored in units of kcal/mol
  # ntwx,total_nstep,Unboosted-Potential-Energy, Unboosted-Dihedral-Energy,Total-Force-Weight,Dihedral-Force-Weight,Boost-Energy-Potential,Boost-Energy-Dihedral
       50000     50000     -128.046758315526  -301362.541599939112        0.948876044934        0.956313254692        0.852253299438        6.574772367722
       50000    100000     -135.634862326086  -301465.156351455953        0.937240587086        0.941419696649        1.284332720088       11.821826260984
       50000    150000     -143.171865222976  -301317.372094918508        0.925683486738        0.962869179984        1.800903546428        4.749527656395
       50000    200000     -131.028939280659  -301400.162959879730        0.944303223994        0.950852871076        1.011532674880        8.321040666303
       50000    250000     -130.459247313440  -301451.466611018870        0.945176779083        0.943406632648        0.980051497648       11.033477432425
       50000    300000     -132.374409662560  -301296.294912451413        0.942240104684        0.965928333135        1.087858970326        3.999153752347
       50000    350000     -134.293613118120  -301385.277089580428        0.939297233727        0.953013413981        1.201535945064        7.605523660287
       50000    400000     -141.018567981198  -301415.069988758769        0.928985312761        0.948689257204        1.644432909836        9.069804863732
       50000    450000     -136.504124346189  -301399.249462820124        0.935907676839        0.950985456511        1.339466418265        8.276205466746
       50000    500000     -127.164848758839  -301394.478093355428        0.950228348680        0.951677975540        0.807762899688        8.043991102691
       50000    550000     -137.823685504496  -301397.400848222431        0.933884286251        0.951253765389        1.425375152267        8.185844466007
       50000    600000     -136.570412487723  -301451.515423018951        0.935806031833        0.943399548049        1.343718348183       11.036240040783
       50000    650000     -145.000661470927  -301270.064786627423        0.922879244515        0.969735387147        1.939377500870        3.155379396327
       50000    700000     -126.817088690586  -301406.341662249994        0.950761597513        0.949956091022        0.790547028154        8.627476616799
       50000    750000     -122.591304793954  -301522.311473569367        0.957241336106        0.933124172700        0.596167167330       15.407056494594
       50000    800000     -136.121979126707  -301419.431192660239        0.936493651226        0.948056269817        1.315085807018        9.294961768933
       50000    850000     -130.478644997813  -301405.442516441923        0.945147035034        0.950086593509        0.981115229666        8.582538516205
       50000    900000     -139.314055232331  -301428.879852542188        0.931598980973        0.946684886441        1.525614985475        9.792239275978
       50000    950000     -143.370601918548  -301297.796957874205        0.925378747578        0.965710325487        1.815703246127        4.050494672304
       50000   1000000     -135.362605926581  -301527.376217836980        0.937658059996        0.932389073101        1.267302898129       15.747627003292
       50000   1050000     -141.179527211934  -301475.042986836750        0.928738500864        0.939984745282        1.655883242592       12.408081781188
       50000   1100000     -124.161006829701  -301470.243255581241        0.954834384140        0.940681380756        0.665174627791       12.121696518841
       50000   1150000     -121.490703831427  -301462.444783454295        0.958928977194        0.941813255029        0.550035650395       11.663515365045
       50000   1200000     -126.601460878737  -301476.300105249044        0.951092237198        0.939802286467        0.779965506722       12.483642749080
       50000   1250000     -133.529174851254  -301374.390239353757        0.940469409177        0.954593537047        1.155580455505        7.102589017213
       50000   1300000     -126.938343431801  -301419.352150386665        0.950575667744        0.948067742053        0.796528690338        9.290856471797
       50000   1350000     -136.525870149024  -301435.669788999017        0.935874332229        0.945699391556        1.340860519840       10.157591233058
       50000   1400000     -132.373898910359  -301363.544492104556        0.942240887862        0.956167694405        1.087829469532        6.618658452961
       50000   1450000     -123.400398636237  -301399.516074670013        0.956000686626        0.950946760330        0.631264839918        8.289278483287
       50000   1500000     -131.586683312431  -301468.742563604843        0.943447989648        0.940899191965        1.042835720212       12.032840976658
       50000   1550000     -127.352134406567  -301580.427386418451        0.949941168343        0.924689199088        0.817111308022       19.538709341305
       50000   1600000     -136.783581300639  -301486.585758759174        0.935479162732        0.938309421403        1.357437339322       13.110493118977
       50000   1650000     -130.998785541393  -301468.127630388830        0.944349461178        0.940988443690        1.009853905930       11.996525368629
       50000   1700000     -128.592166390270  -301485.143357701134        0.948039726316        0.938518772238        0.880364784808       13.021661547070
       50000   1750000     -133.235443795100  -301394.297393229324        0.940919810927        0.951704202450        1.138160620680        8.035261676381
       50000   1800000     -140.912531386130  -301418.068834545556        0.929147907308        0.948254003177        1.636911374688        9.224330498435
       50000   1850000     -135.787212423980  -301478.202667895239        0.937006976274        0.939526147541        1.293911918104       12.598435356037
       50000   1900000     -136.638215065934  -301388.768412869889        0.935702064618        0.952506681515        1.348074389353        7.770453605777
       50000   1950000     -144.153849124908  -301380.980723916087        0.924177730849        0.953636990713        1.874620480120        7.404991662260
       50000   2000000     -143.819872900844  -301474.328815887216        0.924689843792        0.940088400423        1.849383161743       12.365257643485
       50000   2050000     -130.858927572146  -301389.901425223332        0.944563916793        0.952342235517        1.002085731246        7.824357282001
       50000   2100000     -135.102484534495  -301356.907714115921        0.938056925311        0.957130959791        1.251138302610        6.330949661251
       50000   2150000     -133.154634309933  -301485.823311970104        0.941043722691        0.938420083324        1.133391387640       13.063499522323
       50000   2200000     -138.685089390725  -301428.110326381866        0.932563425521        0.946796575865        1.482896382315        9.751254875320
       50000   2250000     -139.912137183361  -301427.909895997960        0.930681893210        0.946825666435        1.566798647207        9.740594207913
       50000   2300000     -140.186345116235  -301398.272736124229        0.930261427856        0.951127219128        1.585863869448        8.228400885299
       50000   2350000     -139.619209365919  -301478.045664654579        0.931131063289        0.939548935073        1.546559232681       12.588942554084
       50000   2400000     -131.269621861167  -301416.097627515439        0.943934165793        0.948540105184        1.024982331595        9.122610408861
       50000   2450000     -136.714799449779  -301438.507321516518        0.935584631546        0.945287550620        1.353003103886       10.312255281262
       50000   2500000     -140.072549367324  -301495.898653292563        0.930435920145        0.936957743080        1.577937844643       13.691304989989
